c:\users\joe\documents\thedare\game\game\debug\vc140.pdb
c:\users\joe\documents\thedare\game\game\debug\vc140.idb
c:\users\joe\documents\thedare\game\game\debug\bullet.obj
c:\users\joe\documents\thedare\game\game\debug\enemy.obj
c:\users\joe\documents\thedare\game\game\debug\entity.obj
c:\users\joe\documents\thedare\game\game\debug\player.obj
c:\users\joe\documents\thedare\game\game\debug\light.obj
c:\users\joe\documents\thedare\game\game\debug\main.obj
c:\users\joe\documents\thedare\game\game\debug\tiledmap.obj
c:\users\joe\documents\thedare\game\game\debug\objects.obj
c:\users\joe\documents\thedare\game\game\debug\spawner.obj
c:\users\joe\documents\thedare\game\game\debug\trigger.obj
c:\users\joe\documents\thedare\game\game\debug\playstate.obj
c:\users\joe\documents\thedare\game\game\debug\animatedsprite.obj
c:\users\joe\documents\thedare\game\game\debug\gamemanager.obj
c:\users\joe\documents\thedare\game\game\debug\state.obj
c:\users\joe\documents\thedare\game\game\debug\animation.obj
c:\users\joe\documents\thedare\game\game\debug\camera.obj
c:\users\joe\documents\thedare\game\game\debug\mtilemap.obj
c:\users\joe\documents\thedare\game\game\debug\utils.obj
c:\users\joe\documents\thedare\game\game\debug\vectorutils.obj
c:\users\joe\documents\thedare\game\debug\game.ilk
c:\users\joe\documents\thedare\game\debug\game.exe
c:\users\joe\documents\thedare\game\debug\game.pdb
c:\users\joe\documents\thedare\game\game\debug\game.tlog\cl.command.1.tlog
c:\users\joe\documents\thedare\game\game\debug\game.tlog\cl.read.1.tlog
c:\users\joe\documents\thedare\game\game\debug\game.tlog\cl.write.1.tlog
c:\users\joe\documents\thedare\game\game\debug\game.tlog\link.command.1.tlog
c:\users\joe\documents\thedare\game\game\debug\game.tlog\link.read.1.tlog
c:\users\joe\documents\thedare\game\game\debug\game.tlog\link.write.1.tlog
