  TiledMap.cpp
c:\users\joe\documents\thedare\game\game\utils\mtilemap.h(88): warning C4244: 'initializing': conversion from 'int' to 'float', possible loss of data
c:\users\joe\documents\thedare\game\game\entities\entity.h(33): warning C4800: 'const float': forcing value to bool 'true' or 'false' (performance warning)
c:\users\joe\documents\thedare\game\game\map\tiledmap.cpp(33): warning C4018: '<': signed/unsigned mismatch
c:\users\joe\documents\thedare\game\game\map\tiledmap.cpp(36): warning C4018: '<': signed/unsigned mismatch
c:\users\joe\documents\thedare\game\game\map\tiledmap.cpp(49): warning C4244: '=': conversion from 'int' to 'float', possible loss of data
c:\users\joe\documents\thedare\game\game\map\tiledmap.cpp(50): warning C4244: '=': conversion from 'int' to 'float', possible loss of data
c:\users\joe\documents\thedare\game\game\map\tiledmap.cpp(64): warning C4018: '<': signed/unsigned mismatch
c:\users\joe\documents\thedare\game\game\map\tiledmap.cpp(79): warning C4018: '<': signed/unsigned mismatch
c:\users\joe\documents\thedare\game\game\map\tiledmap.cpp(81): warning C4018: '<': signed/unsigned mismatch
c:\users\joe\documents\thedare\game\game\map\tiledmap.cpp(87): warning C4244: 'argument': conversion from 'unsigned int' to 'float', possible loss of data
c:\users\joe\documents\thedare\game\game\map\tiledmap.cpp(88): warning C4244: 'argument': conversion from 'unsigned int' to 'float', possible loss of data
c:\users\joe\documents\thedare\game\game\map\tiledmap.cpp(89): warning C4244: 'argument': conversion from 'unsigned int' to 'float', possible loss of data
c:\users\joe\documents\thedare\game\game\map\tiledmap.cpp(90): warning C4244: 'argument': conversion from 'unsigned int' to 'float', possible loss of data
c:\users\joe\documents\thedare\game\game\map\tiledmap.cpp(104): warning C4244: 'argument': conversion from 'unsigned int' to 'float', possible loss of data
c:\users\joe\documents\thedare\game\game\map\tiledmap.cpp(105): warning C4244: 'argument': conversion from 'unsigned int' to 'float', possible loss of data
c:\users\joe\documents\thedare\game\game\map\tiledmap.cpp(106): warning C4244: 'argument': conversion from 'unsigned int' to 'float', possible loss of data
c:\users\joe\documents\thedare\game\game\map\tiledmap.cpp(107): warning C4244: 'argument': conversion from 'unsigned int' to 'float', possible loss of data
c:\users\joe\documents\thedare\game\game\map\tiledmap.cpp(121): warning C4018: '<': signed/unsigned mismatch
c:\users\joe\documents\thedare\game\game\map\tiledmap.cpp(130): warning C4018: '<': signed/unsigned mismatch
c:\users\joe\documents\thedare\game\game\map\tiledmap.cpp(157): warning C4244: 'initializing': conversion from 'int' to 'float', possible loss of data
c:\users\joe\documents\thedare\game\game\map\tiledmap.cpp(158): warning C4244: 'initializing': conversion from 'int' to 'float', possible loss of data
c:\users\joe\documents\thedare\game\game\map\tiledmap.cpp(162): warning C4018: '<': signed/unsigned mismatch
c:\users\joe\documents\thedare\game\game\map\tiledmap.cpp(164): warning C4018: '<': signed/unsigned mismatch
c:\users\joe\documents\thedare\game\game\map\tiledmap.cpp(196): warning C4244: 'argument': conversion from 'float' to 'int', possible loss of data
c:\users\joe\documents\thedare\game\game\map\tiledmap.cpp(213): warning C4244: '=': conversion from 'int' to 'float', possible loss of data
c:\users\joe\documents\thedare\game\game\map\tiledmap.cpp(214): warning C4244: '=': conversion from 'int' to 'float', possible loss of data
c:\users\joe\documents\thedare\game\game\map\tiledmap.cpp(217): warning C4244: '=': conversion from 'int' to 'float', possible loss of data
c:\users\joe\documents\thedare\game\game\map\tiledmap.cpp(218): warning C4244: '=': conversion from 'int' to 'float', possible loss of data
c:\users\joe\documents\thedare\game\game\map\tiledmap.cpp(221): warning C4244: '=': conversion from 'int' to 'float', possible loss of data
c:\users\joe\documents\thedare\game\game\map\tiledmap.cpp(222): warning C4244: '=': conversion from 'int' to 'float', possible loss of data
c:\users\joe\documents\thedare\game\game\map\tiledmap.cpp(225): warning C4244: '=': conversion from 'int' to 'float', possible loss of data
c:\users\joe\documents\thedare\game\game\map\tiledmap.cpp(226): warning C4244: '=': conversion from 'int' to 'float', possible loss of data
c:\users\joe\documents\thedare\game\game\map\tiledmap.cpp(230): warning C4244: '=': conversion from 'int' to 'float', possible loss of data
c:\users\joe\documents\thedare\game\game\map\tiledmap.cpp(231): warning C4244: '=': conversion from 'int' to 'float', possible loss of data
c:\users\joe\documents\thedare\game\game\map\tiledmap.cpp(234): warning C4244: '=': conversion from 'int' to 'float', possible loss of data
c:\users\joe\documents\thedare\game\game\map\tiledmap.cpp(235): warning C4244: '=': conversion from 'int' to 'float', possible loss of data
c:\users\joe\documents\thedare\game\game\map\tiledmap.cpp(238): warning C4244: '=': conversion from 'int' to 'float', possible loss of data
c:\users\joe\documents\thedare\game\game\map\tiledmap.cpp(239): warning C4244: '=': conversion from 'int' to 'float', possible loss of data
c:\users\joe\documents\thedare\game\game\map\tiledmap.cpp(328): warning C4244: 'argument': conversion from 'float' to 'int', possible loss of data
c:\users\joe\documents\thedare\game\game\map\tiledmap.cpp(331): warning C4244: '=': conversion from 'int' to 'float', possible loss of data
c:\users\joe\documents\thedare\game\game\map\tiledmap.cpp(332): warning C4244: '=': conversion from 'int' to 'float', possible loss of data
c:\users\joe\documents\thedare\game\game\map\tiledmap.cpp(335): warning C4244: '=': conversion from 'int' to 'float', possible loss of data
c:\users\joe\documents\thedare\game\game\map\tiledmap.cpp(336): warning C4244: '=': conversion from 'int' to 'float', possible loss of data
c:\users\joe\documents\thedare\game\game\map\tiledmap.cpp(339): warning C4244: '=': conversion from 'int' to 'float', possible loss of data
c:\users\joe\documents\thedare\game\game\map\tiledmap.cpp(340): warning C4244: '=': conversion from 'int' to 'float', possible loss of data
c:\users\joe\documents\thedare\game\game\map\tiledmap.cpp(343): warning C4244: '=': conversion from 'int' to 'float', possible loss of data
c:\users\joe\documents\thedare\game\game\map\tiledmap.cpp(344): warning C4244: '=': conversion from 'int' to 'float', possible loss of data
c:\users\joe\documents\thedare\game\game\map\tiledmap.cpp(347): warning C4244: '=': conversion from 'int' to 'float', possible loss of data
c:\users\joe\documents\thedare\game\game\map\tiledmap.cpp(348): warning C4244: '=': conversion from 'int' to 'float', possible loss of data
c:\users\joe\documents\thedare\game\game\map\tiledmap.cpp(352): warning C4244: '=': conversion from 'int' to 'float', possible loss of data
c:\users\joe\documents\thedare\game\game\map\tiledmap.cpp(353): warning C4244: '=': conversion from 'int' to 'float', possible loss of data
c:\users\joe\documents\thedare\game\game\map\tiledmap.cpp(356): warning C4244: '=': conversion from 'int' to 'float', possible loss of data
c:\users\joe\documents\thedare\game\game\map\tiledmap.cpp(357): warning C4244: '=': conversion from 'int' to 'float', possible loss of data
c:\users\joe\documents\thedare\game\game\map\tiledmap.cpp(360): warning C4244: '=': conversion from 'int' to 'float', possible loss of data
c:\users\joe\documents\thedare\game\game\map\tiledmap.cpp(361): warning C4244: '=': conversion from 'int' to 'float', possible loss of data
  Game.vcxproj -> C:\Users\jOE\Documents\TheDare\Game\Debug\Game.exe
